PLINK v1.90b5.1 64-bit (20 Dec 2017)
Options in effect:
  --bfile /home/jrodriguez/Projects/DeepCOMBI///exp_lippert_vs_GWASCat_July2020//cd//ld/cd_CEU_rs
  --ld-snp rs4705938
  --ld-window 99999
  --ld-window-kb 500
  --ld-window-r2 0.2
  --out /home/jrodriguez/Projects/DeepCOMBI///exp_lippert_vs_GWASCat_July2020//cd//ld/rs4705938
  --r2
  --silent

Hostname: gos
Working directory: /home/jrodriguez/Projects/DeepCOMBI
Start time: Tue May  4 14:51:07 2021

Random number seed: 1620132667
48226 MB RAM detected; reserving 24113 MB for main workspace.
376 variants loaded from .bim file.
85 people (0 males, 0 females, 85 ambiguous) loaded from .fam.
Ambiguous sex IDs written to
/home/jrodriguez/Projects/DeepCOMBI///exp_lippert_vs_GWASCat_July2020//cd//ld/rs4705938.nosex
.
Using up to 23 threads (change this with --threads).
Before main variant filters, 85 founders and 0 nonfounders present.
Calculating allele frequencies... done.
376 variants and 85 people pass filters and QC.
Note: No phenotypes present.
--r2 to
/home/jrodriguez/Projects/DeepCOMBI///exp_lippert_vs_GWASCat_July2020//cd//ld/rs4705938.ld
... done.

End time: Tue May  4 14:51:07 2021
